# JRE version: OpenJDK Runtime Environment JBR-17.0.4.1+7-469.62-jcef (17.0.4.1+7) (build 17.0.4.1+7-b469.62)
# Java VM: OpenJDK 64-Bit Server VM JBR-17.0.4.1+7-469.62-jcef (17.0.4.1+7-b469.62, mixed mode, tiered, compressed oops, compressed class ptrs, g1 gc, windows-amd64)
GC Precious Log:
 CPUs: 12 total, 12 available
 Memory: 16220M
 Large Page Support: Disabled
 NUMA Support: Disabled
 Compressed Oops: Enabled (32-bit)
 Heap Region Size: 1M
 Heap Min Capacity: 128M
 Heap Initial Capacity: 128M
 Heap Max Capacity: 1G
 Pre-touch: Disabled
 Parallel Workers: 10
 Concurrent Workers: 3
 Concurrent Refinement Workers: 10
 Periodic GC: Disabled
Heap:
 garbage-first heap   total 131072K, used 12004K [0x00000000c0000000, 0x0000000100000000)
  region size 1024K, 7 young (7168K), 0 survivors (0K)
 Metaspace       used 25541K, committed 26048K, reserved 1073152K
  class space    used 2565K, committed 2752K, reserved 1048576K
GC Heap History (20 events):
Event: 68401.412 GC heap before
{Heap before GC invocations=22 (full 18):
 garbage-first heap   total 131072K, used 10978K [0x00000000c0000000, 0x0000000100000000)
  region size 1024K, 6 young (6144K), 0 survivors (0K)
 Metaspace       used 25471K, committed 25984K, reserved 1073152K
  class space    used 2565K, committed 2752K, reserved 1048576K
}
Event: 68401.420 GC heap after
{Heap after GC invocations=23 (full 19):
 garbage-first heap   total 131072K, used 5858K [0x00000000c0000000, 0x0000000100000000)
  region size 1024K, 0 young (0K), 0 survivors (0K)
 Metaspace       used 25471K, committed 25984K, reserved 1073152K
  class space    used 2565K, committed 2752K, reserved 1048576K
}
Event: 72001.421 GC heap before
{Heap before GC invocations=23 (full 19):
 garbage-first heap   total 131072K, used 10978K [0x00000000c0000000, 0x0000000100000000)
  region size 1024K, 6 young (6144K), 0 survivors (0K)
 Metaspace       used 25473K, committed 25984K, reserved 1073152K
  class space    used 2565K, committed 2752K, reserved 1048576K
}
Event: 72001.430 GC heap after
{Heap after GC invocations=24 (full 20):
 garbage-first heap   total 131072K, used 5858K [0x00000000c0000000, 0x0000000100000000)
  region size 1024K, 0 young (0K), 0 survivors (0K)
 Metaspace       used 25473K, committed 25984K, reserved 1073152K
  class space    used 2565K, committed 2752K, reserved 1048576K
}
Event: 75601.433 GC heap before
{Heap before GC invocations=24 (full 20):
 garbage-first heap   total 131072K, used 10978K [0x00000000c0000000, 0x0000000100000000)
  region size 1024K, 6 young (6144K), 0 survivors (0K)
 Metaspace       used 25487K, committed 25984K, reserved 1073152K
  class space    used 2565K, committed 2752K, reserved 1048576K
}
Event: 75601.440 GC heap after
{Heap after GC invocations=25 (full 21):
 garbage-first heap   total 131072K, used 5858K [0x00000000c0000000, 0x0000000100000000)
  region size 1024K, 0 young (0K), 0 survivors (0K)
 Metaspace       used 25487K, committed 25984K, reserved 1073152K
  class space    used 2565K, committed 2752K, reserved 1048576K
}
Event: 79201.441 GC heap before
{Heap before GC invocations=25 (full 21):
 garbage-first heap   total 131072K, used 10978K [0x00000000c0000000, 0x0000000100000000)
  region size 1024K, 6 young (6144K), 0 survivors (0K)
 Metaspace       used 25538K, committed 26048K, reserved 1073152K
  class space    used 2565K, committed 2752K, reserved 1048576K
}
Event: 79201.449 GC heap after
{Heap after GC invocations=26 (full 22):
 garbage-first heap   total 131072K, used 5858K [0x00000000c0000000, 0x0000000100000000)
  region size 1024K, 0 young (0K), 0 survivors (0K)
 Metaspace       used 25538K, committed 26048K, reserved 1073152K
  class space    used 2565K, committed 2752K, reserved 1048576K
}
Event: 82801.451 GC heap before
{Heap before GC invocations=26 (full 22):
 garbage-first heap   total 131072K, used 10978K [0x00000000c0000000, 0x0000000100000000)
  region size 1024K, 6 young (6144K), 0 survivors (0K)
 Metaspace       used 25538K, committed 26048K, reserved 1073152K
  class space    used 2565K, committed 2752K, reserved 1048576K
}
Event: 82801.460 GC heap after
{Heap after GC invocations=27 (full 23):
 garbage-first heap   total 131072K, used 5858K [0x00000000c0000000, 0x0000000100000000)
  region size 1024K, 0 young (0K), 0 survivors (0K)
 Metaspace       used 25538K, committed 26048K, reserved 1073152K
  class space    used 2565K, committed 2752K, reserved 1048576K
}
Event: 86401.463 GC heap before
{Heap before GC invocations=27 (full 23):
 garbage-first heap   total 131072K, used 12002K [0x00000000c0000000, 0x0000000100000000)
  region size 1024K, 7 young (7168K), 0 survivors (0K)
 Metaspace       used 25538K, committed 26048K, reserved 1073152K
  class space    used 2565K, committed 2752K, reserved 1048576K
}
Event: 86401.472 GC heap after
{Heap after GC invocations=28 (full 24):
 garbage-first heap   total 131072K, used 5858K [0x00000000c0000000, 0x0000000100000000)
  region size 1024K, 0 young (0K), 0 survivors (0K)
 Metaspace       used 25538K, committed 26048K, reserved 1073152K
  class space    used 2565K, committed 2752K, reserved 1048576K
}
Event: 90001.473 GC heap before
{Heap before GC invocations=28 (full 24):
 garbage-first heap   total 131072K, used 12002K [0x00000000c0000000, 0x0000000100000000)
  region size 1024K, 7 young (7168K), 0 survivors (0K)
 Metaspace       used 25539K, committed 26048K, reserved 1073152K
  class space    used 2565K, committed 2752K, reserved 1048576K
}
Event: 90001.482 GC heap after
{Heap after GC invocations=29 (full 25):
 garbage-first heap   total 131072K, used 5860K [0x00000000c0000000, 0x0000000100000000)
  region size 1024K, 0 young (0K), 0 survivors (0K)
 Metaspace       used 25539K, committed 26048K, reserved 1073152K
  class space    used 2565K, committed 2752K, reserved 1048576K
}
Event: 93601.483 GC heap before
{Heap before GC invocations=29 (full 25):
 garbage-first heap   total 131072K, used 10980K [0x00000000c0000000, 0x0000000100000000)
  region size 1024K, 6 young (6144K), 0 survivors (0K)
 Metaspace       used 25539K, committed 26048K, reserved 1073152K
  class space    used 2565K, committed 2752K, reserved 1048576K
}
Event: 93601.495 GC heap after
{Heap after GC invocations=30 (full 26):
 garbage-first heap   total 131072K, used 5860K [0x00000000c0000000, 0x0000000100000000)
  region size 1024K, 0 young (0K), 0 survivors (0K)
 Metaspace       used 25539K, committed 26048K, reserved 1073152K
  class space    used 2565K, committed 2752K, reserved 1048576K
}
Event: 97201.498 GC heap before
{Heap before GC invocations=30 (full 26):
 garbage-first heap   total 131072K, used 10980K [0x00000000c0000000, 0x0000000100000000)
  region size 1024K, 6 young (6144K), 0 survivors (0K)
 Metaspace       used 25541K, committed 26048K, reserved 1073152K
  class space    used 2565K, committed 2752K, reserved 1048576K
}
Event: 97201.512 GC heap after
{Heap after GC invocations=31 (full 27):
 garbage-first heap   total 131072K, used 5860K [0x00000000c0000000, 0x0000000100000000)
  region size 1024K, 0 young (0K), 0 survivors (0K)
 Metaspace       used 25541K, committed 26048K, reserved 1073152K
  class space    used 2565K, committed 2752K, reserved 1048576K
}
Event: 100801.514 GC heap before
{Heap before GC invocations=31 (full 27):
 garbage-first heap   total 131072K, used 10980K [0x00000000c0000000, 0x0000000100000000)
  region size 1024K, 6 young (6144K), 0 survivors (0K)
 Metaspace       used 25541K, committed 26048K, reserved 1073152K
  class space    used 2565K, committed 2752K, reserved 1048576K
}
Event: 100801.522 GC heap after
{Heap after GC invocations=32 (full 28):
 garbage-first heap   total 131072K, used 5860K [0x00000000c0000000, 0x0000000100000000)
  region size 1024K, 0 young (0K), 0 survivors (0K)
 Metaspace       used 25541K, committed 26048K, reserved 1073152K
  class space    used 2565K, committed 2752K, reserved 1048576K
}

