# JRE version: OpenJDK Runtime Environment JBR-17.0.4.1+7-469.62-jcef (17.0.4.1+7) (build 17.0.4.1+7-b469.62)
# Java VM: OpenJDK 64-Bit Server VM JBR-17.0.4.1+7-469.62-jcef (17.0.4.1+7-b469.62, mixed mode, tiered, compressed oops, compressed class ptrs, g1 gc, windows-amd64)
GC Precious Log:
 CPUs: 12 total, 12 available
 Memory: 16220M
 Large Page Support: Disabled
 NUMA Support: Disabled
 Compressed Oops: Enabled (32-bit)
 Heap Region Size: 1M
 Heap Min Capacity: 128M
 Heap Initial Capacity: 128M
 Heap Max Capacity: 1G
 Pre-touch: Disabled
 Parallel Workers: 10
 Concurrent Workers: 3
 Concurrent Refinement Workers: 10
 Periodic GC: Disabled
Heap:
 garbage-first heap   total 131072K, used 11357K [0x00000000c0000000, 0x0000000100000000)
  region size 1024K, 6 young (6144K), 0 survivors (0K)
 Metaspace       used 26485K, committed 27008K, reserved 1081344K
  class space    used 2626K, committed 2816K, reserved 1048576K
GC Heap History (20 events):
Event: 14400.900 GC heap before
{Heap before GC invocations=12 (full 3):
 garbage-first heap   total 131072K, used 20853K [0x00000000c0000000, 0x0000000100000000)
  region size 1024K, 15 young (15360K), 0 survivors (0K)
 Metaspace       used 26545K, committed 26944K, reserved 1081344K
  class space    used 2639K, committed 2816K, reserved 1048576K
}
Event: 14400.908 GC heap after
{Heap after GC invocations=13 (full 4):
 garbage-first heap   total 131072K, used 6466K [0x00000000c0000000, 0x0000000100000000)
  region size 1024K, 0 young (0K), 0 survivors (0K)
 Metaspace       used 26511K, committed 26944K, reserved 1081344K
  class space    used 2634K, committed 2816K, reserved 1048576K
}
Event: 18000.909 GC heap before
{Heap before GC invocations=13 (full 4):
 garbage-first heap   total 131072K, used 11586K [0x00000000c0000000, 0x0000000100000000)
  region size 1024K, 6 young (6144K), 0 survivors (0K)
 Metaspace       used 26512K, committed 26944K, reserved 1081344K
  class space    used 2634K, committed 2816K, reserved 1048576K
}
Event: 18000.920 GC heap after
{Heap after GC invocations=14 (full 5):
 garbage-first heap   total 131072K, used 6236K [0x00000000c0000000, 0x0000000100000000)
  region size 1024K, 0 young (0K), 0 survivors (0K)
 Metaspace       used 26473K, committed 26944K, reserved 1081344K
  class space    used 2626K, committed 2816K, reserved 1048576K
}
Event: 21600.922 GC heap before
{Heap before GC invocations=14 (full 5):
 garbage-first heap   total 131072K, used 11356K [0x00000000c0000000, 0x0000000100000000)
  region size 1024K, 6 young (6144K), 0 survivors (0K)
 Metaspace       used 26476K, committed 26944K, reserved 1081344K
  class space    used 2626K, committed 2816K, reserved 1048576K
}
Event: 21600.930 GC heap after
{Heap after GC invocations=15 (full 6):
 garbage-first heap   total 131072K, used 6237K [0x00000000c0000000, 0x0000000100000000)
  region size 1024K, 0 young (0K), 0 survivors (0K)
 Metaspace       used 26476K, committed 26944K, reserved 1081344K
  class space    used 2626K, committed 2816K, reserved 1048576K
}
Event: 25200.932 GC heap before
{Heap before GC invocations=15 (full 6):
 garbage-first heap   total 131072K, used 11357K [0x00000000c0000000, 0x0000000100000000)
  region size 1024K, 6 young (6144K), 0 survivors (0K)
 Metaspace       used 26477K, committed 26944K, reserved 1081344K
  class space    used 2626K, committed 2816K, reserved 1048576K
}
Event: 25200.940 GC heap after
{Heap after GC invocations=16 (full 7):
 garbage-first heap   total 131072K, used 6237K [0x00000000c0000000, 0x0000000100000000)
  region size 1024K, 0 young (0K), 0 survivors (0K)
 Metaspace       used 26477K, committed 26944K, reserved 1081344K
  class space    used 2626K, committed 2816K, reserved 1048576K
}
Event: 28800.942 GC heap before
{Heap before GC invocations=16 (full 7):
 garbage-first heap   total 131072K, used 11357K [0x00000000c0000000, 0x0000000100000000)
  region size 1024K, 6 young (6144K), 0 survivors (0K)
 Metaspace       used 26481K, committed 27008K, reserved 1081344K
  class space    used 2626K, committed 2816K, reserved 1048576K
}
Event: 28800.952 GC heap after
{Heap after GC invocations=17 (full 8):
 garbage-first heap   total 131072K, used 6237K [0x00000000c0000000, 0x0000000100000000)
  region size 1024K, 0 young (0K), 0 survivors (0K)
 Metaspace       used 26481K, committed 27008K, reserved 1081344K
  class space    used 2626K, committed 2816K, reserved 1048576K
}
Event: 32400.954 GC heap before
{Heap before GC invocations=17 (full 8):
 garbage-first heap   total 131072K, used 11357K [0x00000000c0000000, 0x0000000100000000)
  region size 1024K, 6 young (6144K), 0 survivors (0K)
 Metaspace       used 26484K, committed 27008K, reserved 1081344K
  class space    used 2626K, committed 2816K, reserved 1048576K
}
Event: 32400.962 GC heap after
{Heap after GC invocations=18 (full 9):
 garbage-first heap   total 131072K, used 6237K [0x00000000c0000000, 0x0000000100000000)
  region size 1024K, 0 young (0K), 0 survivors (0K)
 Metaspace       used 26484K, committed 27008K, reserved 1081344K
  class space    used 2626K, committed 2816K, reserved 1048576K
}
Event: 36000.963 GC heap before
{Heap before GC invocations=18 (full 9):
 garbage-first heap   total 131072K, used 11357K [0x00000000c0000000, 0x0000000100000000)
  region size 1024K, 6 young (6144K), 0 survivors (0K)
 Metaspace       used 26484K, committed 27008K, reserved 1081344K
  class space    used 2626K, committed 2816K, reserved 1048576K
}
Event: 36000.973 GC heap after
{Heap after GC invocations=19 (full 10):
 garbage-first heap   total 131072K, used 6237K [0x00000000c0000000, 0x0000000100000000)
  region size 1024K, 0 young (0K), 0 survivors (0K)
 Metaspace       used 26484K, committed 27008K, reserved 1081344K
  class space    used 2626K, committed 2816K, reserved 1048576K
}
Event: 39600.973 GC heap before
{Heap before GC invocations=19 (full 10):
 garbage-first heap   total 131072K, used 11357K [0x00000000c0000000, 0x0000000100000000)
  region size 1024K, 6 young (6144K), 0 survivors (0K)
 Metaspace       used 26484K, committed 27008K, reserved 1081344K
  class space    used 2626K, committed 2816K, reserved 1048576K
}
Event: 39600.982 GC heap after
{Heap after GC invocations=20 (full 11):
 garbage-first heap   total 131072K, used 6237K [0x00000000c0000000, 0x0000000100000000)
  region size 1024K, 0 young (0K), 0 survivors (0K)
 Metaspace       used 26484K, committed 27008K, reserved 1081344K
  class space    used 2626K, committed 2816K, reserved 1048576K
}
Event: 43200.983 GC heap before
{Heap before GC invocations=20 (full 11):
 garbage-first heap   total 131072K, used 11357K [0x00000000c0000000, 0x0000000100000000)
  region size 1024K, 6 young (6144K), 0 survivors (0K)
 Metaspace       used 26485K, committed 27008K, reserved 1081344K
  class space    used 2626K, committed 2816K, reserved 1048576K
}
Event: 43200.991 GC heap after
{Heap after GC invocations=21 (full 12):
 garbage-first heap   total 131072K, used 6237K [0x00000000c0000000, 0x0000000100000000)
  region size 1024K, 0 young (0K), 0 survivors (0K)
 Metaspace       used 26485K, committed 27008K, reserved 1081344K
  class space    used 2626K, committed 2816K, reserved 1048576K
}
Event: 46800.991 GC heap before
{Heap before GC invocations=21 (full 12):
 garbage-first heap   total 131072K, used 11357K [0x00000000c0000000, 0x0000000100000000)
  region size 1024K, 6 young (6144K), 0 survivors (0K)
 Metaspace       used 26485K, committed 27008K, reserved 1081344K
  class space    used 2626K, committed 2816K, reserved 1048576K
}
Event: 46800.999 GC heap after
{Heap after GC invocations=22 (full 13):
 garbage-first heap   total 131072K, used 6237K [0x00000000c0000000, 0x0000000100000000)
  region size 1024K, 0 young (0K), 0 survivors (0K)
 Metaspace       used 26485K, committed 27008K, reserved 1081344K
  class space    used 2626K, committed 2816K, reserved 1048576K
}

